<component name="libraryTable">
  <library name="junit-platform-console-standalone-1.9.0-RC1">
    <CLASSES>
      <root url="jar://$PROJECT_DIR$/EX000PooIntroduction/lib/junit-platform-console-standalone-1.9.0-RC1.jar!/" />
      <root url="jar://$PROJECT_DIR$/EX002-UserManagement/lib/junit-platform-console-standalone-1.9.0-RC1.jar!/" />
    </CLASSES>
    <JAVADOC />
    <SOURCES />
  </library>
</component>